2021-10-31 22:15:20 =SUPERVISOR REPORT====
     Supervisor: {local,'Elixir.DataPipeline.Supervisor'}
     Context:    start_error
     Reason:     {'EXIT',{undef,[{'Elixir.DataPipeline.Consumer',start_link,[[]],[]},{supervisor,do_start_child_i,3,[{file,"supervisor.erl"},{line,414}]},{supervisor,do_start_child,2,[{file,"supervisor.erl"},{line,400}]},{supervisor,'-start_children/2-fun-0-',3,[{file,"supervisor.erl"},{line,384}]},{supervisor,children_map,4,[{file,"supervisor.erl"},{line,1242}]},{supervisor,init_children,2,[{file,"supervisor.erl"},{line,350}]},{gen_server,init_it,2,[{file,"gen_server.erl"},{line,423}]},{gen_server,init_it,6,[{file,"gen_server.erl"},{line,390}]}]}}
     Offender:   [{pid,undefined},{id,'Elixir.DataPipeline.Consumer'},{mfargs,{'Elixir.DataPipeline.Consumer',start_link,[[]]}},{restart_type,permanent},{significant,false},{shutdown,infinity},{child_type,worker}]

2021-10-31 22:15:20 =CRASH REPORT====
  crasher:
    initial call: application_master:init/4
    pid: <0.348.0>
    registered_name: []
    exception exit: {{{shutdown,{failed_to_start_child,'Elixir.DataPipeline.Consumer',{'EXIT',{undef,[{'Elixir.DataPipeline.Consumer',start_link,[[]],[]},{supervisor,do_start_child_i,3,[{file,"supervisor.erl"},{line,414}]},{supervisor,do_start_child,2,[{file,"supervisor.erl"},{line,400}]},{supervisor,'-start_children/2-fun-0-',3,[{file,"supervisor.erl"},{line,384}]},{supervisor,children_map,4,[{file,"supervisor.erl"},{line,1242}]},{supervisor,init_children,2,[{file,"supervisor.erl"},{line,350}]},{gen_server,init_it,2,[{file,"gen_server.erl"},{line,423}]},{gen_server,init_it,6,[{file,"gen_server.erl"},{line,390}]}]}}}},{'Elixir.DataPipeline.Application',start,[normal,[]]}},[{application_master,init,4,[{file,"application_master.erl"},{line,142}]},{proc_lib,init_p_do_apply,3,[{file,"proc_lib.erl"},{line,226}]}]}
    ancestors: [<0.347.0>]
    message_queue_len: 1
    messages: [{'EXIT',<0.349.0>,normal}]
    links: [<0.347.0>,<0.44.0>]
    dictionary: []
    trap_exit: true
    status: running
    heap_size: 987
    stack_size: 28
    reductions: 232
  neighbours:
2021-10-31 22:19:39 =SUPERVISOR REPORT====
     Supervisor: {local,'Elixir.Consumer.Broadway.ProducerSupervisor'}
     Context:    start_error
     Reason:     {undef,[{'Elixir.Producer',init,[[{broadway,[{index,0},{hibernate_after,15000},{batchers,[]},{context,context_not_set},{resubscribe_interval,100},{max_seconds,5},{max_restarts,3},{shutdown,30000},{name,'Elixir.Consumer'},{producer,[{hibernate_after,15000},{module,{'Elixir.Producer',[{queue,<<"test_queue">>}]}},{transformer,{'Elixir.DataPipeline.Consumer',transform,[]}},{concurrency,1},{rate_limiting,[{allowed_messages,1},{interval,12000}]}]},{processors,[{default,[{hibernate_after,15000},{max_demand,10},{concurrency,1}]}]}]},{queue,<<"test_queue">>}]],[]},{'Elixir.Broadway.Topology.ProducerStage',init,1,[{file,"lib/broadway/topology/producer_stage.ex"},{line,69}]},{'Elixir.GenStage',init,1,[{file,"lib/gen_stage.ex"},{line,1731}]},{gen_server,init_it,2,[{file,"gen_server.erl"},{line,423}]},{gen_server,init_it,6,[{file,"gen_server.erl"},{line,390}]},{proc_lib,init_p_do_apply,3,[{file,"proc_lib.erl"},{line,226}]}]}
     Offender:   [{pid,undefined},{id,'Elixir.Consumer.Broadway.Producer_0'},{mfargs,{'Elixir.Broadway.Topology.ProducerStage',start_link,[[{broadway,[{hibernate_after,15000},{batchers,[]},{context,context_not_set},{resubscribe_interval,100},{max_seconds,5},{max_restarts,3},{shutdown,30000},{name,'Elixir.Consumer'},{producer,[{hibernate_after,15000},{module,{'Elixir.Producer',[{queue,<<"test_queue">>}]}},{transformer,{'Elixir.DataPipeline.Consumer',transform,[]}},{concurrency,1},{rate_limiting,[{allowed_messages,1},{interval,12000}]}]},{processors,[{default,[{hibernate_after,15000},{max_demand,10},{concurrency,1}]}]}]},{dispatcher,'Elixir.GenStage.DemandDispatcher'},{hibernate_after,15000},{module,{'Elixir.Producer',[{queue,<<"test_queue">>}]}},{transformer,{'Elixir.DataPipeline.Consumer',transform,[]}},{concurrency,1},{rate_limiting,[{allowed_messages,1},{interval,12000}]}],0,[{name,'Elixir.Consumer.Broadway.Producer_0'},{hibernate_after,15000}]]}},{restart_type,permanent},{significant,false},{shutdown,30000},{child_type,worker}]

2021-10-31 22:21:45 =SUPERVISOR REPORT====
     Supervisor: {local,'Elixir.DataPipeline.Consumer.Broadway.ProducerSupervisor'}
     Context:    start_error
     Reason:     {undef,[{'Elixir.DataPipeline.Producer',init,[[{broadway,[{index,0},{hibernate_after,15000},{batchers,[]},{context,context_not_set},{resubscribe_interval,100},{max_seconds,5},{max_restarts,3},{shutdown,30000},{name,'Elixir.DataPipeline.Consumer'},{producer,[{hibernate_after,15000},{module,{'Elixir.DataPipeline.Producer',[{queue,<<"test_queue">>}]}},{transformer,{'Elixir.DataPipeline.Consumer',transform,[]}},{concurrency,1},{rate_limiting,[{allowed_messages,1},{interval,12000}]}]},{processors,[{default,[{hibernate_after,15000},{max_demand,10},{concurrency,1}]}]}]},{queue,<<"test_queue">>}]],[]},{'Elixir.Broadway.Topology.ProducerStage',init,1,[{file,"lib/broadway/topology/producer_stage.ex"},{line,69}]},{'Elixir.GenStage',init,1,[{file,"lib/gen_stage.ex"},{line,1731}]},{gen_server,init_it,2,[{file,"gen_server.erl"},{line,423}]},{gen_server,init_it,6,[{file,"gen_server.erl"},{line,390}]},{proc_lib,init_p_do_apply,3,[{file,"proc_lib.erl"},{line,226}]}]}
     Offender:   [{pid,undefined},{id,'Elixir.DataPipeline.Consumer.Broadway.Producer_0'},{mfargs,{'Elixir.Broadway.Topology.ProducerStage',start_link,[[{broadway,[{hibernate_after,15000},{batchers,[]},{context,context_not_set},{resubscribe_interval,100},{max_seconds,5},{max_restarts,3},{shutdown,30000},{name,'Elixir.DataPipeline.Consumer'},{producer,[{hibernate_after,15000},{module,{'Elixir.DataPipeline.Producer',[{queue,<<"test_queue">>}]}},{transformer,{'Elixir.DataPipeline.Consumer',transform,[]}},{concurrency,1},{rate_limiting,[{allowed_messages,1},{interval,12000}]}]},{processors,[{default,[{hibernate_after,15000},{max_demand,10},{concurrency,1}]}]}]},{dispatcher,'Elixir.GenStage.DemandDispatcher'},{hibernate_after,15000},{module,{'Elixir.DataPipeline.Producer',[{queue,<<"test_queue">>}]}},{transformer,{'Elixir.DataPipeline.Consumer',transform,[]}},{concurrency,1},{rate_limiting,[{allowed_messages,1},{interval,12000}]}],0,[{name,'Elixir.DataPipeline.Consumer.Broadway.Producer_0'},{hibernate_after,15000}]]}},{restart_type,permanent},{significant,false},{shutdown,30000},{child_type,worker}]

2021-10-31 22:21:45 =SUPERVISOR REPORT====
     Supervisor: {local,'Elixir.DataPipeline.Consumer.Broadway.Supervisor'}
     Context:    start_error
     Reason:     {shutdown,{failed_to_start_child,'Elixir.DataPipeline.Consumer.Broadway.Producer_0',{undef,[{'Elixir.DataPipeline.Producer',init,[[{broadway,[{index,0},{hibernate_after,15000},{batchers,[]},{context,context_not_set},{resubscribe_interval,100},{max_seconds,5},{max_restarts,3},{shutdown,30000},{name,'Elixir.DataPipeline.Consumer'},{producer,[{hibernate_after,15000},{module,{'Elixir.DataPipeline.Producer',[{queue,<<"test_queue">>}]}},{transformer,{'Elixir.DataPipeline.Consumer',transform,[]}},{concurrency,1},{rate_limiting,[{allowed_messages,1},{interval,12000}]}]},{processors,[{default,[{hibernate_after,15000},{max_demand,10},{concurrency,1}]}]}]},{queue,<<"test_queue">>}]],[]},{'Elixir.Broadway.Topology.ProducerStage',init,1,[{file,"lib/broadway/topology/producer_stage.ex"},{line,69}]},{'Elixir.GenStage',init,1,[{file,"lib/gen_stage.ex"},{line,1731}]},{gen_server,init_it,2,[{file,"gen_server.erl"},{line,423}]},{gen_server,init_it,6,[{file,"gen_server.erl"},{line,390}]},{proc_lib,init_p_do_apply,3,[{file,"proc_lib.erl"},{line,226}]}]}}}
     Offender:   [{pid,undefined},{id,#Ref<0.1018639249.3326607366.119273>},{mfargs,{'Elixir.Supervisor',start_link,[[#{id => 'Elixir.DataPipeline.Consumer.Broadway.Producer_0',shutdown => 30000,start => {'Elixir.Broadway.Topology.ProducerStage',start_link,[[{broadway,[{hibernate_after,15000},{batchers,[]},{context,context_not_set},{resubscribe_interval,100},{max_seconds,5},{max_restarts,3},{shutdown,30000},{name,'Elixir.DataPipeline.Consumer'},{producer,[{hibernate_after,15000},{module,{'Elixir.DataPipeline.Producer',[{queue,<<"test_queue">>}]}},{transformer,{'Elixir.DataPipeline.Consumer',transform,[]}},{concurrency,1},{rate_limiting,[{allowed_messages,1},{interval,12000}]}]},{processors,[{default,[{hibernate_after,15000},{max_demand,10},{concurrency,1}]}]}]},{dispatcher,'Elixir.GenStage.DemandDispatcher'},{hibernate_after,15000},{module,{'Elixir.DataPipeline.Producer',[{queue,<<"test_queue">>}]}},{transformer,{'Elixir.DataPipeline.Consumer',transform,[]}},{concurrency,1},{rate_limiting,[{allowed_messages,1},{interval,12000}]}],0,[{name,'Elixir.DataPipeline.Consumer.Broadway.Producer_0'},{hibernate_after,15000}]]}}],[{name,'Elixir.DataPipeline.Consumer.Broadway.ProducerSupervisor'},{strategy,one_for_one},{max_restarts,2},{max_seconds,1}]]}},{restart_type,permanent},{significant,false},{shutdown,infinity},{child_type,supervisor}]

2021-10-31 22:21:45 =CRASH REPORT====
  crasher:
    initial call: Elixir.Broadway.Topology:init/1
    pid: <0.351.0>
    registered_name: []
    exception error: {{badmatch,{error,{shutdown,{failed_to_start_child,#Ref<0.1018639249.3326607366.119273>,{shutdown,{failed_to_start_child,'Elixir.DataPipeline.Consumer.Broadway.Producer_0',{undef,[{'Elixir.DataPipeline.Producer',init,[[{broadway,[{index,0},{hibernate_after,15000},{batchers,[]},{context,context_not_set},{resubscribe_interval,100},{max_seconds,5},{max_restarts,3},{shutdown,30000},{name,'Elixir.DataPipeline.Consumer'},{producer,[{hibernate_after,15000},{module,{'Elixir.DataPipeline.Producer',[{queue,<<"test_queue">>}]}},{transformer,{'Elixir.DataPipeline.Consumer',transform,[]}},{concurrency,1},{rate_limiting,[{allowed_messages,1},{interval,12000}]}]},{processors,[{default,[{hibernate_after,15000},{max_demand,10},{concurrency,1}]}]}]},{queue,<<"test_queue">>}]],[]},{'Elixir.Broadway.Topology.ProducerStage',init,1,[{file,"lib/broadway/topology/producer_stage.ex"},{line,69}]},{'Elixir.GenStage',init,1,[{file,"lib/gen_stage.ex"},{line,1731}]},{gen_server,init_it,2,[{file,"gen_server.erl"},{line,423}]},{gen_server,init_it,6,[{file,"gen_server.erl"},{line,390}]},{proc_lib,init_p_do_apply,3,[{file,"proc_lib.erl"},{line,226}]}]}}}}}}},[{'Elixir.Broadway.Topology',init,1,[{file,"lib/broadway/topology.ex"},{line,37}]},{gen_server,init_it,2,[{file,"gen_server.erl"},{line,423}]},{gen_server,init_it,6,[{file,"gen_server.erl"},{line,390}]},{proc_lib,init_p_do_apply,3,[{file,"proc_lib.erl"},{line,226}]}]}
    ancestors: ['Elixir.DataPipeline.Supervisor',<0.349.0>]
    message_queue_len: 1
    messages: [{'EXIT',<0.352.0>,{shutdown,{failed_to_start_child,#Ref<0.1018639249.3326607366.119273>,{shutdown,{failed_to_start_child,'Elixir.DataPipeline.Consumer.Broadway.Producer_0',{undef,[{'Elixir.DataPipeline.Producer',init,[[{broadway,[{index,0},{hibernate_after,15000},{batchers,[]},{context,context_not_set},{resubscribe_interval,100},{max_seconds,5},{max_restarts,3},{shutdown,30000},{name,'Elixir.DataPipeline.Consumer'},{producer,[{hibernate_after,15000},{module,{'Elixir.DataPipeline.Producer',[{queue,<<"test_queue">>}]}},{transformer,{'Elixir.DataPipeline.Consumer',transform,[]}},{concurrency,1},{rate_limiting,[{allowed_messages,1},{interval,12000}]}]},{processors,[{default,[{hibernate_after,15000},{max_demand,10},{concurrency,1}]}]}]},{queue,<<"test_queue">>}]],[]},{'Elixir.Broadway.Topology.ProducerStage',init,1,[{file,"lib/broadway/topology/producer_stage.ex"},{line,69}]},{'Elixir.GenStage',init,1,[{file,"lib/gen_stage.ex"},{line,1731}]},{gen_server,init_it,2,[{file,"gen_server.erl"},{line,423}]},{gen_server,init_it,6,[{file,"gen_server.erl"},{line,390}]},{proc_lib,init_p_do_apply,3,[{file,"proc_lib.erl"},{line,226}]}]}}}}}}]
    links: [<0.350.0>]
    dictionary: []
    trap_exit: true
    status: running
    heap_size: 1598
    stack_size: 28
    reductions: 695
  neighbours:
2021-10-31 22:25:04 =SUPERVISOR REPORT====
     Supervisor: {local,'Elixir.DataPipeline.Consumer.Broadway.ProducerSupervisor'}
     Context:    start_error
     Reason:     {undef,[{'Elixir.DataPipeline.Producer',init,[[{broadway,[{index,0},{hibernate_after,15000},{batchers,[]},{context,context_not_set},{resubscribe_interval,100},{max_seconds,5},{max_restarts,3},{shutdown,30000},{name,'Elixir.DataPipeline.Consumer'},{producer,[{hibernate_after,15000},{module,{'Elixir.DataPipeline.Producer',[{queue,<<"test_queue">>}]}},{transformer,{'Elixir.DataPipeline.Consumer',transform,[]}},{concurrency,1},{rate_limiting,[{allowed_messages,1},{interval,12000}]}]},{processors,[{default,[{hibernate_after,15000},{max_demand,10},{concurrency,1}]}]}]},{queue,<<"test_queue">>}]],[]},{'Elixir.Broadway.Topology.ProducerStage',init,1,[{file,"lib/broadway/topology/producer_stage.ex"},{line,69}]},{'Elixir.GenStage',init,1,[{file,"lib/gen_stage.ex"},{line,1731}]},{gen_server,init_it,2,[{file,"gen_server.erl"},{line,423}]},{gen_server,init_it,6,[{file,"gen_server.erl"},{line,390}]},{proc_lib,init_p_do_apply,3,[{file,"proc_lib.erl"},{line,226}]}]}
     Offender:   [{pid,undefined},{id,'Elixir.DataPipeline.Consumer.Broadway.Producer_0'},{mfargs,{'Elixir.Broadway.Topology.ProducerStage',start_link,[[{broadway,[{hibernate_after,15000},{batchers,[]},{context,context_not_set},{resubscribe_interval,100},{max_seconds,5},{max_restarts,3},{shutdown,30000},{name,'Elixir.DataPipeline.Consumer'},{producer,[{hibernate_after,15000},{module,{'Elixir.DataPipeline.Producer',[{queue,<<"test_queue">>}]}},{transformer,{'Elixir.DataPipeline.Consumer',transform,[]}},{concurrency,1},{rate_limiting,[{allowed_messages,1},{interval,12000}]}]},{processors,[{default,[{hibernate_after,15000},{max_demand,10},{concurrency,1}]}]}]},{dispatcher,'Elixir.GenStage.DemandDispatcher'},{hibernate_after,15000},{module,{'Elixir.DataPipeline.Producer',[{queue,<<"test_queue">>}]}},{transformer,{'Elixir.DataPipeline.Consumer',transform,[]}},{concurrency,1},{rate_limiting,[{allowed_messages,1},{interval,12000}]}],0,[{name,'Elixir.DataPipeline.Consumer.Broadway.Producer_0'},{hibernate_after,15000}]]}},{restart_type,permanent},{significant,false},{shutdown,30000},{child_type,worker}]

2021-10-31 22:25:04 =SUPERVISOR REPORT====
     Supervisor: {local,'Elixir.DataPipeline.Consumer.Broadway.Supervisor'}
     Context:    start_error
     Reason:     {shutdown,{failed_to_start_child,'Elixir.DataPipeline.Consumer.Broadway.Producer_0',{undef,[{'Elixir.DataPipeline.Producer',init,[[{broadway,[{index,0},{hibernate_after,15000},{batchers,[]},{context,context_not_set},{resubscribe_interval,100},{max_seconds,5},{max_restarts,3},{shutdown,30000},{name,'Elixir.DataPipeline.Consumer'},{producer,[{hibernate_after,15000},{module,{'Elixir.DataPipeline.Producer',[{queue,<<"test_queue">>}]}},{transformer,{'Elixir.DataPipeline.Consumer',transform,[]}},{concurrency,1},{rate_limiting,[{allowed_messages,1},{interval,12000}]}]},{processors,[{default,[{hibernate_after,15000},{max_demand,10},{concurrency,1}]}]}]},{queue,<<"test_queue">>}]],[]},{'Elixir.Broadway.Topology.ProducerStage',init,1,[{file,"lib/broadway/topology/producer_stage.ex"},{line,69}]},{'Elixir.GenStage',init,1,[{file,"lib/gen_stage.ex"},{line,1731}]},{gen_server,init_it,2,[{file,"gen_server.erl"},{line,423}]},{gen_server,init_it,6,[{file,"gen_server.erl"},{line,390}]},{proc_lib,init_p_do_apply,3,[{file,"proc_lib.erl"},{line,226}]}]}}}
     Offender:   [{pid,undefined},{id,#Ref<0.101151565.643039235.218309>},{mfargs,{'Elixir.Supervisor',start_link,[[#{id => 'Elixir.DataPipeline.Consumer.Broadway.Producer_0',shutdown => 30000,start => {'Elixir.Broadway.Topology.ProducerStage',start_link,[[{broadway,[{hibernate_after,15000},{batchers,[]},{context,context_not_set},{resubscribe_interval,100},{max_seconds,5},{max_restarts,3},{shutdown,30000},{name,'Elixir.DataPipeline.Consumer'},{producer,[{hibernate_after,15000},{module,{'Elixir.DataPipeline.Producer',[{queue,<<"test_queue">>}]}},{transformer,{'Elixir.DataPipeline.Consumer',transform,[]}},{concurrency,1},{rate_limiting,[{allowed_messages,1},{interval,12000}]}]},{processors,[{default,[{hibernate_after,15000},{max_demand,10},{concurrency,1}]}]}]},{dispatcher,'Elixir.GenStage.DemandDispatcher'},{hibernate_after,15000},{module,{'Elixir.DataPipeline.Producer',[{queue,<<"test_queue">>}]}},{transformer,{'Elixir.DataPipeline.Consumer',transform,[]}},{concurrency,1},{rate_limiting,[{allowed_messages,1},{interval,12000}]}],0,[{name,'Elixir.DataPipeline.Consumer.Broadway.Producer_0'},{hibernate_after,15000}]]}}],[{name,'Elixir.DataPipeline.Consumer.Broadway.ProducerSupervisor'},{strategy,one_for_one},{max_restarts,2},{max_seconds,1}]]}},{restart_type,permanent},{significant,false},{shutdown,infinity},{child_type,supervisor}]

2021-10-31 22:25:04 =CRASH REPORT====
  crasher:
    initial call: Elixir.Broadway.Topology:init/1
    pid: <0.351.0>
    registered_name: []
    exception error: {{badmatch,{error,{shutdown,{failed_to_start_child,#Ref<0.101151565.643039235.218309>,{shutdown,{failed_to_start_child,'Elixir.DataPipeline.Consumer.Broadway.Producer_0',{undef,[{'Elixir.DataPipeline.Producer',init,[[{broadway,[{index,0},{hibernate_after,15000},{batchers,[]},{context,context_not_set},{resubscribe_interval,100},{max_seconds,5},{max_restarts,3},{shutdown,30000},{name,'Elixir.DataPipeline.Consumer'},{producer,[{hibernate_after,15000},{module,{'Elixir.DataPipeline.Producer',[{queue,<<"test_queue">>}]}},{transformer,{'Elixir.DataPipeline.Consumer',transform,[]}},{concurrency,1},{rate_limiting,[{allowed_messages,1},{interval,12000}]}]},{processors,[{default,[{hibernate_after,15000},{max_demand,10},{concurrency,1}]}]}]},{queue,<<"test_queue">>}]],[]},{'Elixir.Broadway.Topology.ProducerStage',init,1,[{file,"lib/broadway/topology/producer_stage.ex"},{line,69}]},{'Elixir.GenStage',init,1,[{file,"lib/gen_stage.ex"},{line,1731}]},{gen_server,init_it,2,[{file,"gen_server.erl"},{line,423}]},{gen_server,init_it,6,[{file,"gen_server.erl"},{line,390}]},{proc_lib,init_p_do_apply,3,[{file,"proc_lib.erl"},{line,226}]}]}}}}}}},[{'Elixir.Broadway.Topology',init,1,[{file,"lib/broadway/topology.ex"},{line,37}]},{gen_server,init_it,2,[{file,"gen_server.erl"},{line,423}]},{gen_server,init_it,6,[{file,"gen_server.erl"},{line,390}]},{proc_lib,init_p_do_apply,3,[{file,"proc_lib.erl"},{line,226}]}]}
    ancestors: ['Elixir.DataPipeline.Supervisor',<0.349.0>]
    message_queue_len: 1
    messages: [{'EXIT',<0.352.0>,{shutdown,{failed_to_start_child,#Ref<0.101151565.643039235.218309>,{shutdown,{failed_to_start_child,'Elixir.DataPipeline.Consumer.Broadway.Producer_0',{undef,[{'Elixir.DataPipeline.Producer',init,[[{broadway,[{index,0},{hibernate_after,15000},{batchers,[]},{context,context_not_set},{resubscribe_interval,100},{max_seconds,5},{max_restarts,3},{shutdown,30000},{name,'Elixir.DataPipeline.Consumer'},{producer,[{hibernate_after,15000},{module,{'Elixir.DataPipeline.Producer',[{queue,<<"test_queue">>}]}},{transformer,{'Elixir.DataPipeline.Consumer',transform,[]}},{concurrency,1},{rate_limiting,[{allowed_messages,1},{interval,12000}]}]},{processors,[{default,[{hibernate_after,15000},{max_demand,10},{concurrency,1}]}]}]},{queue,<<"test_queue">>}]],[]},{'Elixir.Broadway.Topology.ProducerStage',init,1,[{file,"lib/broadway/topology/producer_stage.ex"},{line,69}]},{'Elixir.GenStage',init,1,[{file,"lib/gen_stage.ex"},{line,1731}]},{gen_server,init_it,2,[{file,"gen_server.erl"},{line,423}]},{gen_server,init_it,6,[{file,"gen_server.erl"},{line,390}]},{proc_lib,init_p_do_apply,3,[{file,"proc_lib.erl"},{line,226}]}]}}}}}}]
    links: [<0.350.0>]
    dictionary: []
    trap_exit: true
    status: running
    heap_size: 1598
    stack_size: 28
    reductions: 695
  neighbours:
